0 info it worked if it ends with ok
1 verbose cli [ '/usr/local/bin/node',
1 verbose cli   '/usr/local/bin/npm',
1 verbose cli   'install',
1 verbose cli   '-g',
1 verbose cli   'firebase-tools' ]
2 info using npm@2.15.0
3 info using node@v4.4.2
4 verbose install initial load of /usr/local/lib/package.json
5 verbose readDependencies loading dependencies from /usr/local/lib/package.json
6 silly cache add args [ 'firebase-tools', null ]
7 verbose cache add spec firebase-tools
8 silly cache add parsed spec Result {
8 silly cache add   raw: 'firebase-tools',
8 silly cache add   scope: null,
8 silly cache add   name: 'firebase-tools',
8 silly cache add   rawSpec: '',
8 silly cache add   spec: 'latest',
8 silly cache add   type: 'tag' }
9 silly addNamed firebase-tools@latest
10 verbose addNamed "latest" is being treated as a dist-tag for firebase-tools
11 info addNameTag [ 'firebase-tools', 'latest' ]
12 silly mapToRegistry name firebase-tools
13 silly mapToRegistry using default registry
14 silly mapToRegistry registry https://registry.npmjs.org/
15 silly mapToRegistry data Result {
15 silly mapToRegistry   raw: 'firebase-tools',
15 silly mapToRegistry   scope: null,
15 silly mapToRegistry   name: 'firebase-tools',
15 silly mapToRegistry   rawSpec: '',
15 silly mapToRegistry   spec: 'latest',
15 silly mapToRegistry   type: 'tag' }
16 silly mapToRegistry uri https://registry.npmjs.org/firebase-tools
17 verbose addNameTag registry:https://registry.npmjs.org/firebase-tools not in flight; fetching
18 verbose request uri https://registry.npmjs.org/firebase-tools
19 verbose request no auth needed
20 info attempt registry request try #1 at 8:08:24 AM
21 verbose request id 924d19eb8f48d268
22 verbose etag W/"58752811-16bc3"
23 verbose lastModified Tue, 10 Jan 2017 18:29:37 GMT
24 http request GET https://registry.npmjs.org/firebase-tools
25 http 200 https://registry.npmjs.org/firebase-tools
26 verbose headers { 'content-type': 'application/json; charset=UTF-8',
26 verbose headers   server: 'UploadServer',
26 verbose headers   'cache-control': 'max-age=300',
26 verbose headers   'last-modified': 'Mon, 4 Dec 2017 18:01:14 GMT',
26 verbose headers   etag: '"5a258d6a-26645"',
26 verbose headers   'content-encoding': 'gzip',
26 verbose headers   'content-length': '12909',
26 verbose headers   'accept-ranges': 'bytes',
26 verbose headers   date: 'Wed, 27 Dec 2017 14:08:24 GMT',
26 verbose headers   via: '1.1 varnish',
26 verbose headers   age: '3298',
26 verbose headers   connection: 'keep-alive',
26 verbose headers   'x-served-by': 'cache-dfw18648-DFW',
26 verbose headers   'x-cache': 'HIT',
26 verbose headers   'x-cache-hits': '1',
26 verbose headers   'x-timer': 'S1514383705.513036,VS0,VE0',
26 verbose headers   vary: 'Accept-Encoding, Accept' }
27 silly get cb [ 200,
27 silly get   { 'content-type': 'application/json; charset=UTF-8',
27 silly get     server: 'UploadServer',
27 silly get     'cache-control': 'max-age=300',
27 silly get     'last-modified': 'Mon, 4 Dec 2017 18:01:14 GMT',
27 silly get     etag: '"5a258d6a-26645"',
27 silly get     'content-encoding': 'gzip',
27 silly get     'content-length': '12909',
27 silly get     'accept-ranges': 'bytes',
27 silly get     date: 'Wed, 27 Dec 2017 14:08:24 GMT',
27 silly get     via: '1.1 varnish',
27 silly get     age: '3298',
27 silly get     connection: 'keep-alive',
27 silly get     'x-served-by': 'cache-dfw18648-DFW',
27 silly get     'x-cache': 'HIT',
27 silly get     'x-cache-hits': '1',
27 silly get     'x-timer': 'S1514383705.513036,VS0,VE0',
27 silly get     vary: 'Accept-Encoding, Accept' } ]
28 verbose get saving firebase-tools to /Users/markstumbris/.npm/registry.npmjs.org/firebase-tools/.cache.json
29 verbose correctMkdir /Users/markstumbris/.npm correctMkdir not in flight; initializing
30 silly addNameTag next cb for firebase-tools with tag latest
31 verbose stack Error: No compatible version found: firebase-tools@'latest'
31 verbose stack Valid install targets:
31 verbose stack ["0.0.1","0.0.2","0.0.3","0.0.4","0.0.5","0.0.6","0.1.0","0.1.1","0.1.2","0.1.3","0.1.4","0.1.5","0.1.6","0.2.0","0.3.0","0.4.0","0.5.0","1.0.0","1.0.1","1.0.2","1.0.3","1.0.4","1.0.5","1.0.6","1.1.0","1.1.1","1.1.2","1.1.3","1.1.4","1.1.5","1.1.6","1.2.0","2.0.0","2.0.1","2.0.2","2.1.0","2.1.1","2.2.0","2.2.1","3.0.0","3.0.1","3.0.2","3.0.3","3.0.4","3.0.5","3.0.6","3.0.7","3.0.8","3.1.0","3.2.0","3.2.1","3.2.2","3.2.3","3.3.0","3.4.0","3.5.0","3.6.0","3.6.1","3.7.0","3.8.0","3.9.0","3.9.1","3.9.2","3.10.0"]
31 verbose stack
31 verbose stack     at installTargetsError (/usr/local/lib/node_modules/npm/lib/cache/add-named.js:284:12)
31 verbose stack     at next (/usr/local/lib/node_modules/npm/lib/cache/add-named.js:94:10)
31 verbose stack     at RES (/usr/local/lib/node_modules/npm/node_modules/inflight/inflight.js:23:14)
31 verbose stack     at f (/usr/local/lib/node_modules/npm/node_modules/once/once.js:17:25)
31 verbose stack     at fixName (/usr/local/lib/node_modules/npm/lib/cache/add-named.js:29:5)
31 verbose stack     at saved (/usr/local/lib/node_modules/npm/lib/cache/caching-client.js:173:7)
31 verbose stack     at /usr/local/lib/node_modules/npm/node_modules/graceful-fs/polyfills.js:210:7
31 verbose stack     at FSReqWrap.oncomplete (fs.js:82:15)
32 verbose cwd /Users/markstumbris/CDU
33 error Darwin 16.7.0
34 error argv "/usr/local/bin/node" "/usr/local/bin/npm" "install" "-g" "firebase-tools"
35 error node v4.4.2
36 error npm  v2.15.0
37 error code ETARGET
38 error notarget No compatible version found: firebase-tools@'latest'
38 error notarget Valid install targets:
38 error notarget ["0.0.1","0.0.2","0.0.3","0.0.4","0.0.5","0.0.6","0.1.0","0.1.1","0.1.2","0.1.3","0.1.4","0.1.5","0.1.6","0.2.0","0.3.0","0.4.0","0.5.0","1.0.0","1.0.1","1.0.2","1.0.3","1.0.4","1.0.5","1.0.6","1.1.0","1.1.1","1.1.2","1.1.3","1.1.4","1.1.5","1.1.6","1.2.0","2.0.0","2.0.1","2.0.2","2.1.0","2.1.1","2.2.0","2.2.1","3.0.0","3.0.1","3.0.2","3.0.3","3.0.4","3.0.5","3.0.6","3.0.7","3.0.8","3.1.0","3.2.0","3.2.1","3.2.2","3.2.3","3.3.0","3.4.0","3.5.0","3.6.0","3.6.1","3.7.0","3.8.0","3.9.0","3.9.1","3.9.2","3.10.0"]
38 error notarget
38 error notarget This is most likely not a problem with npm itself.
38 error notarget In most cases you or one of your dependencies are requesting
38 error notarget a package version that doesn't exist.
39 verbose exit [ 1, true ]
